0 verbose cli /usr/local/nvm/versions/node/v24.15.0/bin/node /usr/local/nvm/versions/node/v24.15.0/bin/npm
1 info using npm@11.13.0
2 info using node@v24.15.0
3 silly config load:file:/usr/local/nvm/versions/node/v24.15.0/lib/node_modules/npm/npmrc
4 silly config load:file:/home/seblakgaringumi/.npmrc
5 silly config load:file:/usr/local/nvm/versions/node/v24.15.0/etc/npmrc
6 verbose title npm install
7 verbose argv "install"
8 verbose logfile logs-max:10 dir:/home/seblakgaringumi/.npm/_logs/2026-05-07T07_54_53_343Z-
9 verbose logfile /home/seblakgaringumi/.npm/_logs/2026-05-07T07_54_53_343Z-debug-0.log
10 silly logfile start cleaning logs, removing 1 files
11 silly logfile done cleaning log files
12 silly packumentCache heap:2348810240 maxSize:587202560 maxEntrySize:293601280
13 silly idealTree buildDeps
14 silly reify moves {}
15 silly audit bulk request {
15 silly audit   '@firebase/ai': [ '2.11.1' ],
15 silly audit   '@firebase/analytics': [ '0.10.21' ],
15 silly audit   '@firebase/analytics-compat': [ '0.2.27' ],
15 silly audit   '@firebase/analytics-types': [ '0.8.3' ],
15 silly audit   '@firebase/app': [ '0.14.11' ],
15 silly audit   '@firebase/app-check': [ '0.11.2' ],
15 silly audit   '@firebase/app-check-compat': [ '0.4.2' ],
15 silly audit   '@firebase/app-check-interop-types': [ '0.3.3' ],
15 silly audit   '@firebase/app-check-types': [ '0.5.3' ],
15 silly audit   '@firebase/app-compat': [ '0.5.11' ],
15 silly audit   '@firebase/app-types': [ '0.9.4' ],
15 silly audit   '@firebase/auth': [ '1.13.0' ],
15 silly audit   '@firebase/auth-compat': [ '0.6.5' ],
15 silly audit   '@firebase/auth-interop-types': [ '0.2.4' ],
15 silly audit   '@firebase/auth-types': [ '0.13.0' ],
15 silly audit   '@firebase/component': [ '0.7.2' ],
15 silly audit   '@firebase/data-connect': [ '0.6.0' ],
15 silly audit   '@firebase/database': [ '1.1.2' ],
15 silly audit   '@firebase/database-compat': [ '2.1.3' ],
15 silly audit   '@firebase/database-types': [ '1.0.19' ],
15 silly audit   '@firebase/firestore': [ '4.14.0' ],
15 silly audit   '@firebase/firestore-compat': [ '0.4.8' ],
15 silly audit   '@firebase/firestore-types': [ '3.0.3' ],
15 silly audit   '@firebase/functions': [ '0.13.3' ],
15 silly audit   '@firebase/functions-compat': [ '0.4.3' ],
15 silly audit   '@firebase/functions-types': [ '0.6.3' ],
15 silly audit   '@firebase/installations': [ '0.6.21' ],
15 silly audit   '@firebase/installations-compat': [ '0.2.21' ],
15 silly audit   '@firebase/installations-types': [ '0.5.3' ],
15 silly audit   '@firebase/logger': [ '0.5.0' ],
15 silly audit   '@firebase/messaging': [ '0.12.25' ],
15 silly audit   '@firebase/messaging-compat': [ '0.2.25' ],
15 silly audit   '@firebase/messaging-interop-types': [ '0.2.3' ],
15 silly audit   '@firebase/performance': [ '0.7.11' ],
15 silly audit   '@firebase/performance-compat': [ '0.2.24' ],
15 silly audit   '@firebase/performance-types': [ '0.2.3' ],
15 silly audit   '@firebase/remote-config': [ '0.8.2' ],
15 silly audit   '@firebase/remote-config-compat': [ '0.2.23' ],
15 silly audit   '@firebase/remote-config-types': [ '0.5.0' ],
15 silly audit   '@firebase/storage': [ '0.14.2' ],
15 silly audit   '@firebase/storage-compat': [ '0.4.2' ],
15 silly audit   '@firebase/storage-types': [ '0.8.3' ],
15 silly audit   '@firebase/util': [ '1.15.0' ],
15 silly audit   '@firebase/webchannel-wrapper': [ '1.0.5' ],
15 silly audit   '@grpc/grpc-js': [ '1.9.15' ],
15 silly audit   '@grpc/proto-loader': [ '0.7.15' ],
15 silly audit   '@protobufjs/aspromise': [ '1.1.2' ],
15 silly audit   '@protobufjs/base64': [ '1.1.2' ],
15 silly audit   '@protobufjs/codegen': [ '2.0.5' ],
15 silly audit   '@protobufjs/eventemitter': [ '1.1.0' ],
15 silly audit   '@protobufjs/fetch': [ '1.1.0' ],
15 silly audit   '@protobufjs/float': [ '1.0.2' ],
15 silly audit   '@protobufjs/inquire': [ '1.1.1' ],
15 silly audit   '@protobufjs/path': [ '1.1.2' ],
15 silly audit   '@protobufjs/pool': [ '1.1.0' ],
15 silly audit   '@protobufjs/utf8': [ '1.1.1' ],
15 silly audit   '@types/node': [ '25.6.0' ],
15 silly audit   '@zeit/schemas': [ '2.36.0' ],
15 silly audit   ajv: [ '8.18.0' ],
15 silly audit   'ansi-align': [ '3.0.1' ],
15 silly audit   'ansi-regex': [ '5.0.1', '6.2.2' ],
15 silly audit   'ansi-styles': [ '4.3.0', '6.2.3' ],
15 silly audit   arch: [ '2.2.0' ],
15 silly audit   arg: [ '5.0.2' ],
15 silly audit   'balanced-match': [ '1.0.2' ],
15 silly audit   boxen: [ '7.0.0' ],
15 silly audit   'emoji-regex': [ '9.2.2', '8.0.0' ],
15 silly audit   'string-width': [ '5.1.2', '4.2.3' ],
15 silly audit   'strip-ansi': [ '7.2.0', '6.0.1' ],
15 silly audit   'wrap-ansi': [ '8.1.0', '7.0.0' ],
15 silly audit   'brace-expansion': [ '1.1.14' ],
15 silly audit   bytes: [ '3.1.2', '3.0.0' ],
15 silly audit   camelcase: [ '7.0.1' ],
15 silly audit   chalk: [ '5.0.1', '4.1.2' ],
15 silly audit   'chalk-template': [ '0.4.0' ],
15 silly audit   'cli-boxes': [ '3.0.0' ],
15 silly audit   clipboardy: [ '3.0.0' ],
15 silly audit   cliui: [ '8.0.1' ],
15 silly audit   'color-convert': [ '2.0.1' ],
15 silly audit   'color-name': [ '1.1.4' ],
15 silly audit   compressible: [ '2.0.18' ],
15 silly audit   compression: [ '1.8.1' ],
15 silly audit   'concat-map': [ '0.0.1' ],
15 silly audit   'content-disposition': [ '0.5.2' ],
15 silly audit   'cross-spawn': [ '7.0.6' ],
15 silly audit   debug: [ '2.6.9' ],
15 silly audit   'deep-extend': [ '0.6.0' ],
15 silly audit   eastasianwidth: [ '0.2.0' ],
15 silly audit   escalade: [ '3.2.0' ],
15 silly audit   execa: [ '5.1.1' ],
15 silly audit   'fast-deep-equal': [ '3.1.3' ],
15 silly audit   'fast-uri': [ '3.1.2' ],
15 silly audit   'faye-websocket': [ '0.11.4' ],
15 silly audit   firebase: [ '12.12.1' ],
15 silly audit   'get-caller-file': [ '2.0.5' ],
15 silly audit   'get-stream': [ '6.0.1' ],
15 silly audit   'has-flag': [ '4.0.0' ],
15 silly audit   'http-parser-js': [ '0.5.10' ],
15 silly audit   'human-signals': [ '2.1.0' ],
15 silly audit   idb: [ '7.1.1' ],
15 silly audit   ini: [ '1.3.8' ],
15 silly audit   'is-docker': [ '2.2.1' ],
15 silly audit   'is-fullwidth-code-point': [ '3.0.0' ],
15 silly audit   'is-port-reachable': [ '4.0.0' ],
15 silly audit   'is-stream': [ '2.0.1' ],
15 silly audit   'is-wsl': [ '2.2.0' ],
15 silly audit   isexe: [ '2.0.0' ],
15 silly audit   'json-schema-traverse': [ '1.0.0' ],
15 silly audit   'lodash.camelcase': [ '4.3.0' ],
15 silly audit   long: [ '5.3.2' ],
15 silly audit   'merge-stream': [ '2.0.0' ],
15 silly audit   'mime-db': [ '1.54.0', '1.33.0' ],
15 silly audit   'mime-types': [ '2.1.18' ],
15 silly audit   'mimic-fn': [ '2.1.0' ],
15 silly audit   minimatch: [ '3.1.5' ],
15 silly audit   minimist: [ '1.2.8' ],
15 silly audit   ms: [ '2.0.0' ],
15 silly audit   negotiator: [ '0.6.4' ],
15 silly audit   'npm-run-path': [ '4.0.1' ],
15 silly audit   'on-headers': [ '1.1.0' ],
15 silly audit   onetime: [ '5.1.2' ],
15 silly audit   'path-is-inside': [ '1.0.2' ],
15 silly audit   'path-key': [ '3.1.1' ],
15 silly audit   'path-to-regexp': [ '3.3.0' ],
15 silly audit   protobufjs: [ '7.5.6' ],
15 silly audit   'range-parser': [ '1.2.0' ],
15 silly audit   rc: [ '1.2.8' ],
15 silly audit   'registry-auth-token': [ '3.3.2' ],
15 silly audit   'registry-url': [ '3.1.0' ],
15 silly audit   'require-directory': [ '2.1.1' ],
15 silly audit   'require-from-string': [ '2.0.2' ],
15 silly audit   'safe-buffer': [ '5.2.1' ],
15 silly audit   serve: [ '14.2.6' ],
15 silly audit   'serve-handler': [ '6.1.7' ],
15 silly audit   'shebang-command': [ '2.0.0' ],
15 silly audit   'shebang-regex': [ '3.0.0' ],
15 silly audit   'signal-exit': [ '3.0.7' ],
15 silly audit   'strip-final-newline': [ '2.0.0' ],
15 silly audit   'strip-json-comments': [ '2.0.1' ],
15 silly audit   'supports-color': [ '7.2.0' ],
15 silly audit   tslib: [ '2.8.1' ],
15 silly audit   'type-fest': [ '2.19.0' ],
15 silly audit   'undici-types': [ '7.19.2' ],
15 silly audit   'update-check': [ '1.5.4' ],
15 silly audit   vary: [ '1.1.2' ],
15 silly audit   'web-vitals': [ '4.2.4' ],
15 silly audit   'websocket-driver': [ '0.7.4' ],
15 silly audit   'websocket-extensions': [ '0.1.4' ],
15 silly audit   which: [ '2.0.2' ],
15 silly audit   'widest-line': [ '4.0.1' ],
15 silly audit   y18n: [ '5.0.8' ],
15 silly audit   yargs: [ '17.7.2' ],
15 silly audit   'yargs-parser': [ '21.1.1' ]
15 silly audit }
16 http fetch POST 200 https://registry.npmjs.org/-/npm/v1/security/advisories/bulk 378ms
17 silly audit report {}
18 verbose cwd /home/seblakgaringumi
19 verbose os Linux 6.6.123+
20 verbose node v24.15.0
21 verbose npm  v11.13.0
22 verbose exit 0
23 info ok
