0 verbose cli /usr/local/nvm/versions/node/v24.15.0/bin/node /usr/local/nvm/versions/node/v24.15.0/bin/npm
1 info using npm@11.13.0
2 info using node@v24.15.0
3 silly config load:file:/usr/local/nvm/versions/node/v24.15.0/lib/node_modules/npm/npmrc
4 silly config load:file:/home/seblakgaringumi/.npmrc
5 silly config load:file:/usr/local/nvm/versions/node/v24.15.0/etc/npmrc
6 verbose title npm run build
7 verbose argv "run" "build"
8 verbose logfile logs-max:10 dir:/home/seblakgaringumi/.npm/_logs/2026-05-07T07_56_23_487Z-
9 verbose logfile /home/seblakgaringumi/.npm/_logs/2026-05-07T07_56_23_487Z-debug-0.log
10 silly logfile start cleaning logs, removing 1 files
11 silly logfile done cleaning log files
12 verbose stack Error: Missing script: "build"
12 verbose stack
12 verbose stack To see a list of scripts, run:
12 verbose stack   npm run
12 verbose stack     at #run (/usr/local/nvm/versions/node/v24.15.0/lib/node_modules/npm/lib/commands/run.js:115:13)
12 verbose stack     at async RunScript.exec (/usr/local/nvm/versions/node/v24.15.0/lib/node_modules/npm/lib/commands/run.js:44:7)
12 verbose stack     at async Npm.exec (/usr/local/nvm/versions/node/v24.15.0/lib/node_modules/npm/lib/npm.js:193:9)
12 verbose stack     at async module.exports (/usr/local/nvm/versions/node/v24.15.0/lib/node_modules/npm/lib/cli/entry.js:67:5)
13 error Missing script: "build"
13 error
13 error To see a list of scripts, run:
13 error   npm run
14 verbose cwd /home/seblakgaringumi
15 verbose os Linux 6.6.123+
16 verbose node v24.15.0
17 verbose npm  v11.13.0
18 verbose exit 1
19 verbose code 1
20 error A complete log of this run can be found in: /home/seblakgaringumi/.npm/_logs/2026-05-07T07_56_23_487Z-debug-0.log
