0 verbose cli /usr/local/nvm/versions/node/v24.15.0/bin/node /usr/local/nvm/versions/node/v24.15.0/lib/node_modules/npm/bin/npm-cli.js
1 info using npm@11.13.0
2 info using node@v24.15.0
3 silly config load:file:/usr/local/nvm/versions/node/v24.15.0/lib/node_modules/npm/npmrc
4 silly config load:file:/home/seblakgaringumi/.npmrc
5 silly config load:file:/usr/local/nvm/versions/node/v24.15.0/etc/npmrc
6 verbose title npm exec tailwindcss init -p
7 verbose argv "exec" "--" "tailwindcss" "init" "-p"
8 verbose logfile logs-max:10 dir:/home/seblakgaringumi/.npm/_logs/2026-05-07T08_34_37_957Z-
9 verbose logfile /home/seblakgaringumi/.npm/_logs/2026-05-07T08_34_37_957Z-debug-0.log
10 silly logfile start cleaning logs, removing 1 files
11 silly logfile done cleaning log files
12 silly packumentCache heap:2348810240 maxSize:587202560 maxEntrySize:293601280
13 verbose stack Error: could not determine executable to run
13 verbose stack     at getBinFromManifest (/usr/local/nvm/versions/node/v24.15.0/lib/node_modules/npm/node_modules/libnpmexec/lib/get-bin-from-manifest.js:17:23)
13 verbose stack     at exec (/usr/local/nvm/versions/node/v24.15.0/lib/node_modules/npm/node_modules/libnpmexec/lib/index.js:211:15)
13 verbose stack     at async Npm.exec (/usr/local/nvm/versions/node/v24.15.0/lib/node_modules/npm/lib/npm.js:193:9)
13 verbose stack     at async module.exports (/usr/local/nvm/versions/node/v24.15.0/lib/node_modules/npm/lib/cli/entry.js:67:5)
14 verbose pkgid tailwindcss@4.2.4
15 error could not determine executable to run
16 verbose cwd /home/seblakgaringumi
17 verbose os Linux 6.6.123+
18 verbose node v24.15.0
19 verbose npm  v11.13.0
20 verbose exit 1
21 verbose code 1
22 error A complete log of this run can be found in: /home/seblakgaringumi/.npm/_logs/2026-05-07T08_34_37_957Z-debug-0.log
